<?xml version="1.0" encoding="UTF-8"?>
<testsuite xmlns:xsi="http://www.w3.org/2001/XMLSchema-instance" xsi:noNamespaceSchemaLocation="https://maven.apache.org/surefire/maven-surefire-plugin/xsd/surefire-test-report.xsd" version="3.0.1" name="eu.cifpfbmoll.FibonacciTest" time="0.082" tests="15" errors="0" skipped="0" failures="0">
  <properties>
[...]
</properties>
  <testcase name="fibonacciAlwaysReturnsNonNegativeValue(int)[1]" classname="eu.cifpfbmoll.FibonacciTest" time="0.022"/>
  <testcase name="fibonacciAlwaysReturnsNonNegativeValue(int)[2]" classname="eu.cifpfbmoll.FibonacciTest" time="0.0"/>
  <testcase name="fibonacciAlwaysReturnsNonNegativeValue(int)[3]" classname="eu.cifpfbmoll.FibonacciTest" time="0.001"/>
  <testcase name="fibonacciAlwaysReturnsNonNegativeValue(int)[4]" classname="eu.cifpfbmoll.FibonacciTest" time="0.0"/>
  <testcase name="fibonacciAlwaysReturnsNonNegativeValue(int)[5]" classname="eu.cifpfbmoll.FibonacciTest" time="0.001"/>
  <testcase name="fibonacciAlwaysReturnsNonNegativeValue(int)[6]" classname="eu.cifpfbmoll.FibonacciTest" time="0.001"/>
  <testcase name="fibonacciOfEightIsTwentyOne" classname="eu.cifpfbmoll.FibonacciTest" time="0.002"/>
  <testcase name="fibonacciOfFiveIsFive" classname="eu.cifpfbmoll.FibonacciTest" time="0.001"/>
  <testcase name="fibonacciOfTwoIsOne" classname="eu.cifpfbmoll.FibonacciTest" time="0.001"/>
  <testcase name="fibonacciOfOneIsOne" classname="eu.cifpfbmoll.FibonacciTest" time="0.0"/>
  <testcase name="fibonacciOfZeroIsZero" classname="eu.cifpfbmoll.FibonacciTest" time="0.0"/>
  <testcase name="fibonacciOfThreeIsTwo" classname="eu.cifpfbmoll.FibonacciTest" time="0.001"/>
  <testcase name="fibonacciOfSixIsEight" classname="eu.cifpfbmoll.FibonacciTest" time="0.001"/>
  <testcase name="fibonacciOfSevenIsThirteen" classname="eu.cifpfbmoll.FibonacciTest" time="0.001"/>
  <testcase name="fibonacciOfFourIsThree" classname="eu.cifpfbmoll.FibonacciTest" time="0.0"/>
</testsuite>